<?xml version="1.0" encoding="UTF-8"?>
<!-- Generated by org.testng.reporters.JUnitReportReporter -->
<testsuite hostname="VIKASLAGAD" failures="0" tests="1" name="test.homepagetest1" time="2.144" errors="0" timestamp="2023-02-07T22:53:35 IST" skipped="0">
  <testcase classname="test.homepagetest1" name="logout" time="2.144"/>
  <system-out/>
</testsuite> <!-- test.homepagetest1 -->
